<?xml version="1.0" encoding="UTF-8"?>
<!-- Generated by org.testng.reporters.JUnitReportReporter -->
<testsuite hostname="LAPTOP-BD96GJ6G" failures="0" tests="3" name="TestCases.BookItineraryPageTC" time="253.990" errors="0" timestamp="2025-04-12T16:41:57 IST" skipped="0">
  <testcase classname="TestCases.BookItineraryPageTC" name="bookHotelandCancelOrder" time="79.012"/>
  <testcase classname="TestCases.BookItineraryPageTC" name="searchOrderID" time="115.494"/>
  <testcase classname="TestCases.BookItineraryPageTC" name="logoutfromBookItinerary" time="59.484"/>
</testsuite> <!-- TestCases.BookItineraryPageTC -->
