<?xml version="1.0" encoding="UTF-8"?>
<!-- Generated by org.testng.reporters.JUnitReportReporter -->
<testsuite hostname="LAPTOP-BD96GJ6G" failures="0" tests="2" name="TestCases.BookhotelTC" time="73.358" errors="0" timestamp="2025-04-12T16:41:57 IST" skipped="0">
  <testcase classname="TestCases.BookhotelTC" name="booknowPageerrorValidation" time="42.114"/>
  <testcase classname="TestCases.BookhotelTC" name="bookNowcomplete" time="31.244"/>
</testsuite> <!-- TestCases.BookhotelTC -->
