<?xml version="1.0" encoding="UTF-8"?>
<!-- Generated by org.testng.reporters.JUnitReportReporter -->
<testsuite hostname="LAPTOP-BD96GJ6G" failures="0" tests="4" name="TestCases.BookConfirmPageTC" time="184.106" errors="0" timestamp="2025-04-12T16:41:57 IST" skipped="0">
  <testcase classname="TestCases.BookConfirmPageTC" name="afterbooksearchpage" time="18.931"/>
  <testcase classname="TestCases.BookConfirmPageTC" name="afterbooklogoutpage" time="54.961"/>
  <testcase classname="TestCases.BookConfirmPageTC" name="afterbookmyitinerarypage" time="59.280"/>
  <testcase classname="TestCases.BookConfirmPageTC" name="afterbookmyitinerarypageValueVerify" time="50.934"/>
</testsuite> <!-- TestCases.BookConfirmPageTC -->
