<?xml version="1.0" encoding="UTF-8"?>
<!-- Generated by org.testng.reporters.JUnitReportReporter -->
<testsuite hostname="LAPTOP-BD96GJ6G" failures="0" tests="2" name="TestCases.ChangePasswordPageTC" time="12.343" errors="0" timestamp="2025-04-12T16:41:57 IST" skipped="1">
  <testcase classname="TestCases.ChangePasswordPageTC" name="backtorestconfigpassword" time="12.343"/>
  <testcase classname="TestCases.ChangePasswordPageTC" name="ChangepwdforUser">
    <skipped/>
  </testcase> <!-- ChangepwdforUser -->
</testsuite> <!-- TestCases.ChangePasswordPageTC -->
