<?xml version="1.0" encoding="UTF-8"?>
<!-- Generated by org.testng.reporters.JUnitReportReporter -->
<testsuite hostname="LAPTOP-BD96GJ6G" failures="0" tests="8" name="TestCases.SearchHotelTC" time="293.263" errors="0" timestamp="2025-04-12T16:41:57 IST" skipped="0">
  <testcase classname="TestCases.SearchHotelTC" name="pageNavigation" time="31.319"/>
  <testcase classname="TestCases.SearchHotelTC" name="withoutlocationsearch" time="16.118"/>
  <testcase classname="TestCases.SearchHotelTC" name="optionSelectsearchhotel" time="32.107"/>
  <testcase classname="TestCases.SearchHotelTC" name="continueBtnvalidation" time="41.391"/>
  <testcase classname="TestCases.SearchHotelTC" name="resetHotelSearch" time="44.348"/>
  <testcase classname="TestCases.SearchHotelTC" name="cancelBtnValidation" time="53.659"/>
  <testcase classname="TestCases.SearchHotelTC" name="userNameverify" time="34.165"/>
  <testcase classname="TestCases.SearchHotelTC" name="verifySearchResult" time="40.156"/>
</testsuite> <!-- TestCases.SearchHotelTC -->
